<?xml version="1.0" encoding="UTF-8"?>
<testsuite name="ru.mail.polis.ads.bst.BstBaseTest" tests="1" skipped="0" failures="0" errors="0" timestamp="2019-11-25T22:27:32" hostname="LAPTOP-3SP12CO3" time="0.013">
  <properties/>
  <testcase name="remove()" classname="ru.mail.polis.ads.bst.BstBaseTest" time="0.013"/>
  <system-out><![CDATA[]]></system-out>
  <system-err><![CDATA[]]></system-err>
</testsuite>
